This is pdfTeX, Version 3.141592653-2.6-1.40.24 (MiKTeX 23.1) (preloaded format=pdflatex 2023.5.21)  27 MAY 2023 13:23
entering extended mode
 restricted \write18 enabled.
 file:line:error style messages enabled.
 %&-line parsing enabled.
**"c:/Users/choyo/Documents/Semester project 4/Report parts/Diode protection and decoupling capacitors.tex"
(c:/Users/choyo/Documents/Semester project 4/Report parts/Diode protection and decoupling capacitors.tex
LaTeX2e <2022-11-01> patch level 1
L3 programming layer <2023-02-22> (C:\Users\choyo\AppData\Local\Programs\MiKTeX\tex/latex/base\article.cls
Document Class: article 2022/07/02 v1.4n Standard LaTeX document class
(C:\Users\choyo\AppData\Local\Programs\MiKTeX\tex/latex/base\size12.clo
File: size12.clo 2022/07/02 v1.4n Standard LaTeX file (size option)
)
\c@part=\count185
\c@section=\count186
\c@subsection=\count187
\c@subsubsection=\count188
\c@paragraph=\count189
\c@subparagraph=\count190
\c@figure=\count191
\c@table=\count192
\abovecaptionskip=\skip48
\belowcaptionskip=\skip49
\bibindent=\dimen140
) (C:\Users\choyo\AppData\Local\Programs\MiKTeX\tex/latex/graphics\graphicx.sty
Package: graphicx 2021/09/16 v1.2d Enhanced LaTeX Graphics (DPC,SPQR)
 (C:\Users\choyo\AppData\Local\Programs\MiKTeX\tex/latex/graphics\keyval.sty
Package: keyval 2022/05/29 v1.15 key=value parser (DPC)
\KV@toks@=\toks16
) (C:\Users\choyo\AppData\Local\Programs\MiKTeX\tex/latex/graphics\graphics.sty
Package: graphics 2022/03/10 v1.4e Standard LaTeX Graphics (DPC,SPQR)
 (C:\Users\choyo\AppData\Local\Programs\MiKTeX\tex/latex/graphics\trig.sty
Package: trig 2021/08/11 v1.11 sin cos tan (DPC)
) (C:\Users\choyo\AppData\Local\Programs\MiKTeX\tex/latex/graphics-cfg\graphics.cfg
File: graphics.cfg 2016/06/04 v1.11 sample graphics configuration
)
Package graphics Info: Driver file: pdftex.def on input line 107.
 (C:\Users\choyo\AppData\Local\Programs\MiKTeX\tex/latex/graphics-def\pdftex.def
File: pdftex.def 2022/09/22 v1.2b Graphics/color driver for pdftex
))
\Gin@req@height=\dimen141
\Gin@req@width=\dimen142
) (C:\Users\choyo\AppData\Local\Programs\MiKTeX\tex/latex/parskip\parskip.sty
Package: parskip 2021-03-14 v2.0h non-zero parskip adjustments
 (C:\Users\choyo\AppData\Local\Programs\MiKTeX\tex/latex/kvoptions\kvoptions.sty
Package: kvoptions 2022-06-15 v3.15 Key value format for package options (HO)
 (C:\Users\choyo\AppData\Local\Programs\MiKTeX\tex/generic/ltxcmds\ltxcmds.sty
Package: ltxcmds 2020-05-10 v1.25 LaTeX kernel commands for general use (HO)
) (C:\Users\choyo\AppData\Local\Programs\MiKTeX\tex/latex/kvsetkeys\kvsetkeys.sty
Package: kvsetkeys 2022-10-05 v1.19 Key value parser (HO)
)) (C:\Users\choyo\AppData\Local\Programs\MiKTeX\tex/latex/etoolbox\etoolbox.sty
Package: etoolbox 2020/10/05 v2.5k e-TeX tools for LaTeX (JAW)
\etb@tempcnta=\count193
)) (C:\Users\choyo\AppData\Local\Programs\MiKTeX\tex/latex/url\url.sty
\Urlmuskip=\muskip16
Package: url 2013/09/16  ver 3.4  Verb mode for urls, etc.
) (C:\Users\choyo\AppData\Local\Programs\MiKTeX\tex/latex/float\float.sty
Package: float 2001/11/08 v1.3d Float enhancements (AL)
\c@float@type=\count194
\float@exts=\toks17
\float@box=\box51
\@float@everytoks=\toks18
\@floatcapt=\box52
) (C:\Users\choyo\AppData\Local\Programs\MiKTeX\tex/latex/setspace\setspace.sty
Package: setspace 2022/12/04 v6.7b set line spacing
) (C:\Users\choyo\AppData\Local\Programs\MiKTeX\tex/latex/l3backend\l3backend-pdftex.def
File: l3backend-pdftex.def 2023-01-16 L3 backend support: PDF output (pdfTeX)
\l__color_backend_stack_int=\count195
\l__pdf_internal_box=\box53
) (Diode protection and decoupling capacitors.aux)
\openout1 = `"Diode protection and decoupling capacitors.aux"'.

LaTeX Font Info:    Checking defaults for OML/cmm/m/it on input line 10.
LaTeX Font Info:    ... okay on input line 10.
LaTeX Font Info:    Checking defaults for OMS/cmsy/m/n on input line 10.
LaTeX Font Info:    ... okay on input line 10.
LaTeX Font Info:    Checking defaults for OT1/cmr/m/n on input line 10.
LaTeX Font Info:    ... okay on input line 10.
LaTeX Font Info:    Checking defaults for T1/cmr/m/n on input line 10.
LaTeX Font Info:    ... okay on input line 10.
LaTeX Font Info:    Checking defaults for TS1/cmr/m/n on input line 10.
LaTeX Font Info:    ... okay on input line 10.
LaTeX Font Info:    Checking defaults for OMX/cmex/m/n on input line 10.
LaTeX Font Info:    ... okay on input line 10.
LaTeX Font Info:    Checking defaults for U/cmr/m/n on input line 10.
LaTeX Font Info:    ... okay on input line 10.
 (C:\Users\choyo\AppData\Local\Programs\MiKTeX\tex/context/base/mkii\supp-pdf.mkii
[Loading MPS to PDF converter (version 2006.09.02).]
\scratchcounter=\count196
\scratchdimen=\dimen143
\scratchbox=\box54
\nofMPsegments=\count197
\nofMParguments=\count198
\everyMPshowfont=\toks19
\MPscratchCnt=\count199
\MPscratchDim=\dimen144
\MPnumerator=\count266
\makeMPintoPDFobject=\count267
\everyMPtoPDFconversion=\toks20
) (C:\Users\choyo\AppData\Local\Programs\MiKTeX\tex/latex/epstopdf-pkg\epstopdf-base.sty
Package: epstopdf-base 2020-01-24 v2.11 Base part for package epstopdf
Package epstopdf-base Info: Redefining graphics rule for `.eps' on input line 485.
 (C:\Users\choyo\AppData\Local\Programs\MiKTeX\tex/latex/00miktex\epstopdf-sys.cfg
File: epstopdf-sys.cfg 2021/03/18 v2.0 Configuration of epstopdf for MiKTeX
))
<./images//Mosfet_Control.png, id=1, 163.812pt x 269.20575pt>
File: ./images//Mosfet_Control.png Graphic file (type png)
<use ./images//Mosfet_Control.png>
Package pdftex.def Info: ./images//Mosfet_Control.png  used on input line 21.
(pdftex.def)             Requested size: 114.6676pt x 188.44272pt.
 [1

{C:/Users/choyo/AppData/Local/MiKTeX/fonts/map/pdftex/pdftex.map} <./images//Mosfet_Control.png>]
<./images//Continuous_Current.png, id=10, 290.58563pt x 215.30438pt>
File: ./images//Continuous_Current.png Graphic file (type png)
<use ./images//Continuous_Current.png>
Package pdftex.def Info: ./images//Continuous_Current.png  used on input line 52.
(pdftex.def)             Requested size: 203.40854pt x 150.71204pt.
<./images//Surge_Current.png, id=11, 315.42844pt x 224.33812pt>
File: ./images//Surge_Current.png Graphic file (type png)
<use ./images//Surge_Current.png>
Package pdftex.def Info: ./images//Surge_Current.png  used on input line 60.
(pdftex.def)             Requested size: 220.79839pt x 157.03561pt.
 [2 <./images//Continuous_Current.png> <./images//Surge_Current.png>]
<./images//Diode_Protection.png, id=15, 316.93407pt x 233.37187pt>
File: ./images//Diode_Protection.png Graphic file (type png)
<use ./images//Diode_Protection.png>
Package pdftex.def Info: ./images//Diode_Protection.png  used on input line 73.
(pdftex.def)             Requested size: 221.85233pt x 163.35919pt.
<./images//Diode_Protection_&_decoupling_capacitors.png, id=16, 316.93407pt x 233.37187pt>
File: ./images//Diode_Protection_&_decoupling_capacitors.png Graphic file (type png)
<use ./images//Diode_Protection_&_decoupling_capacitors.png>
Package pdftex.def Info: ./images//Diode_Protection_&_decoupling_capacitors.png  used on input line 86.
(pdftex.def)             Requested size: 221.85233pt x 163.35919pt.
 [3 <./images//Diode_Protection.png> <./images//Diode_Protection_&_decoupling_capacitors.png>] (Diode protection and decoupling capacitors.bbl
LaTeX Font Info:    External font `cmex10' loaded for size
(Font)              <12> on input line 6.
LaTeX Font Info:    External font `cmex10' loaded for size
(Font)              <8> on input line 6.
LaTeX Font Info:    External font `cmex10' loaded for size
(Font)              <6> on input line 6.

Underfull \hbox (badness 10000) in paragraph at lines 4--7
[]\OT1/cmr/m/n/12 Autodesk what are de-cou-pling ca-pac-i-tors?  $\OT1/cmtt/m/n/12 https :
 []


Underfull \hbox (badness 10000) in paragraph at lines 4--7
\OT1/cmtt/m/n/12 / / www . autodesk . com / products / fusion-[]360 / blog /
 []


Underfull \hbox (badness 10000) in paragraph at lines 9--12
[]\OT1/cmr/m/n/12 Fairchild Semi-con-duc-tor fdd8896 datasheet.  $\OT1/cmtt/m/n/12 https : / / pdf1 .
 []


Underfull \hbox (badness 10000) in paragraph at lines 9--12
\OT1/cmtt/m/n/12 alldatasheet . com / datasheet-[]pdf / view / 85382 / FAIRCHILD / FDD8896 .
 []


Underfull \hbox (badness 6173) in paragraph at lines 14--17
[]\OT1/cmr/m/n/12 Motorola 1n5818 datasheet.  $\OT1/cmtt/m/n/12 https : / / pdf1 . alldatasheet . com /
 []

) [4] (Diode protection and decoupling capacitors.aux) ) 
Here is how much of TeX's memory you used:
 2323 strings out of 476334
 40858 string characters out of 5787971
 1853382 words of memory out of 5000000
 22750 multiletter control sequences out of 15000+600000
 515798 words of font info for 44 fonts, out of 8000000 for 9000
 1141 hyphenation exceptions out of 8191
 57i,7n,62p,610b,323s stack positions out of 10000i,1000n,20000p,200000b,200000s
<C:/Users/choyo/AppData/Local/Programs/MiKTeX/fonts/type1/public/amsfonts/cm/cmbx12.pfb><C:/Users/choyo/AppData/Local/Programs/MiKTeX/fonts/type1/public/amsfonts/cm/cmr12.pfb><C:/Users/choyo/AppData/Local/Programs/MiKTeX/fonts/type1/public/amsfonts/cm/cmtt12.pfb>
Output written on "Diode protection and decoupling capacitors.pdf" (4 pages, 104739 bytes).
PDF statistics:
 37 PDF objects out of 1000 (max. 8388607)
 0 named destinations out of 1000 (max. 500000)
 26 words of extra memory for PDF output out of 10000 (max. 10000000)

