This is pdfTeX, Version 3.141592653-2.6-1.40.25 (TeX Live 2023) (preloaded format=pdflatex 2023.5.29)  29 MAY 2023 15:56
entering extended mode
 \write18 enabled.
 file:line:error style messages enabled.
 %&-line parsing enabled.
**c:/Users/Artis/Desktop/Ladybug/LaTeX/Report/control/plant_equations.tex
(c:/Users/Artis/Desktop/Ladybug/LaTeX/Report/control/plant_equations.tex
LaTeX2e <2022-11-01> patch level 1
L3 programming layer <2023-05-22> (c:/texlive/2023/texmf-dist/tex/latex/base/article.cls
Document Class: article 2022/07/02 v1.4n Standard LaTeX document class
(c:/texlive/2023/texmf-dist/tex/latex/base/size10.clo
File: size10.clo 2022/07/02 v1.4n Standard LaTeX file (size option)
)
\c@part=\count185
\c@section=\count186
\c@subsection=\count187
\c@subsubsection=\count188
\c@paragraph=\count189
\c@subparagraph=\count190
\c@figure=\count191
\c@table=\count192
\abovecaptionskip=\skip48
\belowcaptionskip=\skip49
\bibindent=\dimen140
) (c:/texlive/2023/texmf-dist/tex/latex/graphics/graphicx.sty
Package: graphicx 2021/09/16 v1.2d Enhanced LaTeX Graphics (DPC,SPQR)
 (c:/texlive/2023/texmf-dist/tex/latex/graphics/keyval.sty
Package: keyval 2022/05/29 v1.15 key=value parser (DPC)
\KV@toks@=\toks16
) (c:/texlive/2023/texmf-dist/tex/latex/graphics/graphics.sty
Package: graphics 2022/03/10 v1.4e Standard LaTeX Graphics (DPC,SPQR)
 (c:/texlive/2023/texmf-dist/tex/latex/graphics/trig.sty
Package: trig 2021/08/11 v1.11 sin cos tan (DPC)
) (c:/texlive/2023/texmf-dist/tex/latex/graphics-cfg/graphics.cfg
File: graphics.cfg 2016/06/04 v1.11 sample graphics configuration
)
Package graphics Info: Driver file: pdftex.def on input line 107.
 (c:/texlive/2023/texmf-dist/tex/latex/graphics-def/pdftex.def
File: pdftex.def 2022/09/22 v1.2b Graphics/color driver for pdftex
))
\Gin@req@height=\dimen141
\Gin@req@width=\dimen142
) (c:/texlive/2023/texmf-dist/tex/latex/float/float.sty
Package: float 2001/11/08 v1.3d Float enhancements (AL)
\c@float@type=\count193
\float@exts=\toks17
\float@box=\box51
\@float@everytoks=\toks18
\@floatcapt=\box52
) (c:/texlive/2023/texmf-dist/tex/latex/l3backend/l3backend-pdftex.def
File: l3backend-pdftex.def 2023-04-19 L3 backend support: PDF output (pdfTeX)
\l__color_backend_stack_int=\count194
\l__pdf_internal_box=\box53
) (./plant_equations.aux)
\openout1 = `plant_equations.aux'.

LaTeX Font Info:    Checking defaults for OML/cmm/m/it on input line 5.
LaTeX Font Info:    ... okay on input line 5.
LaTeX Font Info:    Checking defaults for OMS/cmsy/m/n on input line 5.
LaTeX Font Info:    ... okay on input line 5.
LaTeX Font Info:    Checking defaults for OT1/cmr/m/n on input line 5.
LaTeX Font Info:    ... okay on input line 5.
LaTeX Font Info:    Checking defaults for T1/cmr/m/n on input line 5.
LaTeX Font Info:    ... okay on input line 5.
LaTeX Font Info:    Checking defaults for TS1/cmr/m/n on input line 5.
LaTeX Font Info:    ... okay on input line 5.
LaTeX Font Info:    Checking defaults for OMX/cmex/m/n on input line 5.
LaTeX Font Info:    ... okay on input line 5.
LaTeX Font Info:    Checking defaults for U/cmr/m/n on input line 5.
LaTeX Font Info:    ... okay on input line 5.
 (c:/texlive/2023/texmf-dist/tex/context/base/mkii/supp-pdf.mkii
[Loading MPS to PDF converter (version 2006.09.02).]
\scratchcounter=\count195
\scratchdimen=\dimen143
\scratchbox=\box54
\nofMPsegments=\count196
\nofMParguments=\count197
\everyMPshowfont=\toks19
\MPscratchCnt=\count198
\MPscratchDim=\dimen144
\MPnumerator=\count199
\makeMPintoPDFobject=\count266
\everyMPtoPDFconversion=\toks20
) (c:/texlive/2023/texmf-dist/tex/latex/epstopdf-pkg/epstopdf-base.sty
Package: epstopdf-base 2020-01-24 v2.11 Base part for package epstopdf
Package epstopdf-base Info: Redefining graphics rule for `.eps' on input line 485.
 (c:/texlive/2023/texmf-dist/tex/latex/latexconfig/epstopdf-sys.cfg
File: epstopdf-sys.cfg 2010/07/13 v1.3 Configuration of (r)epstopdf for TeX Live
))
Overfull \hbox (1.29694pt too wide) in paragraph at lines 9--10
\OT1/cmr/m/n/10 tained. Fol-lowed by how these equa-tions are im-ple-mented in MAT-LAB/Simulink 
 []


Underfull \hbox (badness 10000) in paragraph at lines 9--10

 []


LaTeX Warning: Citation `Ferry' on page 1 undefined on input line 16.


LaTeX Warning: File `pictures/control/drone directionals.png' not found on input line 20.


c:/Users/Artis/Desktop/Ladybug/LaTeX/Report/control/plant_equations.tex:20: Package pdftex.def Error: File `pictures/control/drone directionals.png' not found: using draft setting.

See the pdftex.def package documentation for explanation.
Type  H <return>  for immediate help.
 ...                                              
                                                  
l.20 ...]{pictures/control/drone directionals.png}
                                                  
Try typing  <return>  to proceed.
If that doesn't work, type  X <return>  to quit.


LaTeX Warning: File `pictures/control/State table.png' not found on input line 29.


c:/Users/Artis/Desktop/Ladybug/LaTeX/Report/control/plant_equations.tex:29: Package pdftex.def Error: File `pictures/control/State table.png' not found: using draft setting.

See the pdftex.def package documentation for explanation.
Type  H <return>  for immediate help.
 ...                                              
                                                  
l.29 ...cale =1]{pictures/control/State table.png}
                                                  
Try typing  <return>  to proceed.
If that doesn't work, type  X <return>  to quit.

[1

{c:/texlive/2023/texmf-var/fonts/map/pdftex/updmap/pdftex.map}]

LaTeX Warning: Citation `Ferry' on page 2 undefined on input line 35.


LaTeX Warning: File `pictures/control/parameter table.png' not found on input line 39.


c:/Users/Artis/Desktop/Ladybug/LaTeX/Report/control/plant_equations.tex:39: Package pdftex.def Error: File `pictures/control/parameter table.png' not found: using draft setting.

See the pdftex.def package documentation for explanation.
Type  H <return>  for immediate help.
 ...                                              
                                                  
l.39 ...0.9]{pictures/control/parameter table.png}
                                                  
Try typing  <return>  to proceed.
If that doesn't work, type  X <return>  to quit.


LaTeX Warning: Citation `Ferry' on page 2 undefined on input line 46.


LaTeX Warning: File `pictures/control/inertia tables table.png' not found on input line 52.


c:/Users/Artis/Desktop/Ladybug/LaTeX/Report/control/plant_equations.tex:52: Package pdftex.def Error: File `pictures/control/inertia tables table.png' not found: using draft setting.

See the pdftex.def package documentation for explanation.
Type  H <return>  for immediate help.
 ...                                              
                                                  
l.52 ...pictures/control/inertia tables table.png}
                                                  
Try typing  <return>  to proceed.
If that doesn't work, type  X <return>  to quit.

[2]

LaTeX Warning: File `pictures/control/Drone view inertiacalc.png' not found on input line 59.


c:/Users/Artis/Desktop/Ladybug/LaTeX/Report/control/plant_equations.tex:59: Package pdftex.def Error: File `pictures/control/Drone view inertiacalc.png' not found: using draft setting.

See the pdftex.def package documentation for explanation.
Type  H <return>  for immediate help.
 ...                                              
                                                  
l.59 ...ctures/control/Drone view inertiacalc.png}
                                                  
Try typing  <return>  to proceed.
If that doesn't work, type  X <return>  to quit.


Underfull \hbox (badness 10000) in paragraph at lines 64--65

 []


LaTeX Warning: File `pictures/control/Inertia moments.png' not found on input line 68.


c:/Users/Artis/Desktop/Ladybug/LaTeX/Report/control/plant_equations.tex:68: Package pdftex.def Error: File `pictures/control/Inertia moments.png' not found: using draft setting.

See the pdftex.def package documentation for explanation.
Type  H <return>  for immediate help.
 ...                                              
                                                  
l.68 ... =1]{pictures/control/Inertia moments.png}
                                                  
Try typing  <return>  to proceed.
If that doesn't work, type  X <return>  to quit.

LaTeX Font Info:    External font `cmex10' loaded for size
(Font)              <7> on input line 70.
LaTeX Font Info:    External font `cmex10' loaded for size
(Font)              <5> on input line 70.
[3]

LaTeX Warning: File `pictures/control/Motor thrust 2.JPG' not found on input line 83.


c:/Users/Artis/Desktop/Ladybug/LaTeX/Report/control/plant_equations.tex:83: Package pdftex.def Error: File `pictures/control/Motor thrust 2.JPG' not found: using draft setting.

See the pdftex.def package documentation for explanation.
Type  H <return>  for immediate help.
 ...                                              
                                                  
l.83 ...e =1]{pictures/control/Motor thrust 2.JPG}
                                                  
Try typing  <return>  to proceed.
If that doesn't work, type  X <return>  to quit.


LaTeX Warning: File `pictures/control/Graph thrust.JPG' not found on input line 96.


c:/Users/Artis/Desktop/Ladybug/LaTeX/Report/control/plant_equations.tex:96: Package pdftex.def Error: File `pictures/control/Graph thrust.JPG' not found: using draft setting.

See the pdftex.def package documentation for explanation.
Type  H <return>  for immediate help.
 ...                                              
                                                  
l.96 ...ale =1]{pictures/control/Graph thrust.JPG}
                                                  
Try typing  <return>  to proceed.
If that doesn't work, type  X <return>  to quit.

[4{c:/texlive/2023/texmf-dist/fonts/enc/dvips/cm-super/cm-super-ts1.enc}]

LaTeX Warning: Citation `MotorConstants' on page 5 undefined on input line 103.


LaTeX Warning: File `pictures/control/Motor constants theory.png' not found on input line 107.


c:/Users/Artis/Desktop/Ladybug/LaTeX/Report/control/plant_equations.tex:107: Package pdftex.def Error: File `pictures/control/Motor constants theory.png' not found: using draft setting.

See the pdftex.def package documentation for explanation.
Type  H <return>  for immediate help.
 ...                                              
                                                  
l.107 ...tures/control/Motor constants theory.png}
                                                  
Try typing  <return>  to proceed.
If that doesn't work, type  X <return>  to quit.


LaTeX Warning: File `pictures/control/Motor constants calc.png' not found on input line 114.


c:/Users/Artis/Desktop/Ladybug/LaTeX/Report/control/plant_equations.tex:114: Package pdftex.def Error: File `pictures/control/Motor constants calc.png' not found: using draft setting.

See the pdftex.def package documentation for explanation.
Type  H <return>  for immediate help.
 ...                                              
                                                  
l.114 ...ictures/control/Motor constants calc.png}
                                                  
Try typing  <return>  to proceed.
If that doesn't work, type  X <return>  to quit.

[5]

LaTeX Warning: File `pictures/control/thrust equations results.png' not found on input line 133.


c:/Users/Artis/Desktop/Ladybug/LaTeX/Report/control/plant_equations.tex:133: Package pdftex.def Error: File `pictures/control/thrust equations results.png' not found: using draft setting.

See the pdftex.def package documentation for explanation.
Type  H <return>  for immediate help.
 ...                                              
                                                  
l.133 ...res/control/thrust equations results.png}
                                                  
Try typing  <return>  to proceed.
If that doesn't work, type  X <return>  to quit.


LaTeX Warning: Citation `Ferry' on page 6 undefined on input line 135.


LaTeX Warning: Citation `Ferry' on page 6 undefined on input line 138.


LaTeX Warning: File `pictures/control/thrust equations.png' not found on input line 144.


c:/Users/Artis/Desktop/Ladybug/LaTeX/Report/control/plant_equations.tex:144: Package pdftex.def Error: File `pictures/control/thrust equations.png' not found: using draft setting.

See the pdftex.def package documentation for explanation.
Type  H <return>  for immediate help.
 ...                                              
                                                  
l.144 ...1]{pictures/control/thrust equations.png}
                                                  
Try typing  <return>  to proceed.
If that doesn't work, type  X <return>  to quit.


LaTeX Warning: Citation `Ferry' on page 6 undefined on input line 146.

[6]

LaTeX Warning: Citation `Ferry' on page 7 undefined on input line 149.


LaTeX Warning: File `pictures/control/plant equations.png' not found on input line 152.


c:/Users/Artis/Desktop/Ladybug/LaTeX/Report/control/plant_equations.tex:152: Package pdftex.def Error: File `pictures/control/plant equations.png' not found: using draft setting.

See the pdftex.def package documentation for explanation.
Type  H <return>  for immediate help.
 ...                                              
                                                  
l.152 ...=1]{pictures/control/plant equations.png}
                                                  
Try typing  <return>  to proceed.
If that doesn't work, type  X <return>  to quit.


LaTeX Warning: Citation `Ferry' on page 7 undefined on input line 154.


LaTeX Warning: File `pictures/control/plant equation example.png' not found on input line 159.


c:/Users/Artis/Desktop/Ladybug/LaTeX/Report/control/plant_equations.tex:159: Package pdftex.def Error: File `pictures/control/plant equation example.png' not found: using draft setting.

See the pdftex.def package documentation for explanation.
Type  H <return>  for immediate help.
 ...                                              
                                                  
l.159 ...tures/control/plant equation example.png}
                                                  
Try typing  <return>  to proceed.
If that doesn't work, type  X <return>  to quit.


LaTeX Warning: Citation `Ferry' on page 7 undefined on input line 161.

[7]

LaTeX Warning: File `pictures/control/thrust equation in simulink.png' not found on input line 173.


c:/Users/Artis/Desktop/Ladybug/LaTeX/Report/control/plant_equations.tex:173: Package pdftex.def Error: File `pictures/control/thrust equation in simulink.png' not found: using draft setting.

See the pdftex.def package documentation for explanation.
Type  H <return>  for immediate help.
 ...                                              
                                                  
l.173 .../control/thrust equation in simulink.png}
                                                  
Try typing  <return>  to proceed.
If that doesn't work, type  X <return>  to quit.


Underfull \hbox (badness 10000) in paragraph at lines 178--179

 []


LaTeX Warning: File `pictures/control/plant equation phi example.png' not found on input line 184.


c:/Users/Artis/Desktop/Ladybug/LaTeX/Report/control/plant_equations.tex:184: Package pdftex.def Error: File `pictures/control/plant equation phi example.png' not found: using draft setting.

See the pdftex.def package documentation for explanation.
Type  H <return>  for immediate help.
 ...                                              
                                                  
l.184 ...s/control/plant equation phi example.png}
                                                  
Try typing  <return>  to proceed.
If that doesn't work, type  X <return>  to quit.


LaTeX Warning: File `pictures/control/plant pic1.png' not found on input line 191.


c:/Users/Artis/Desktop/Ladybug/LaTeX/Report/control/plant_equations.tex:191: Package pdftex.def Error: File `pictures/control/plant pic1.png' not found: using draft setting.

See the pdftex.def package documentation for explanation.
Type  H <return>  for immediate help.
 ...                                              
                                                  
l.191 ...le =0.6]{pictures/control/plant pic1.png}
                                                  
Try typing  <return>  to proceed.
If that doesn't work, type  X <return>  to quit.

[8]

LaTeX Warning: File `pictures/control/Plant overview.png' not found on input line 199.


c:/Users/Artis/Desktop/Ladybug/LaTeX/Report/control/plant_equations.tex:199: Package pdftex.def Error: File `pictures/control/Plant overview.png' not found: using draft setting.

See the pdftex.def package documentation for explanation.
Type  H <return>  for immediate help.
 ...                                              
                                                  
l.199 ...0.6]{pictures/control/Plant overview.png}
                                                  
Try typing  <return>  to proceed.
If that doesn't work, type  X <return>  to quit.

No file plant_equations.bbl.
[9] (./plant_equations.aux)

LaTeX Warning: There were undefined references.

 ) 
Here is how much of TeX's memory you used:
 1969 strings out of 476037
 50363 string characters out of 5794152
 1858779 words of memory out of 5000000
 22396 multiletter control sequences out of 15000+600000
 514308 words of font info for 39 fonts, out of 8000000 for 9000
 1141 hyphenation exceptions out of 8191
 57i,7n,62p,933b,294s stack positions out of 10000i,1000n,20000p,200000b,200000s
<c:/texlive/2023/texmf-dist/fonts/type1/public/amsfonts/cm/cmbx10.pfb><c:/texlive/2023/texmf-dist/fonts/type1/public/amsfonts/cm/cmbx12.pfb><c:/texlive/2023/texmf-dist/fonts/type1/public/amsfonts/cm/cmmi10.pfb><c:/texlive/2023/texmf-dist/fonts/type1/public/amsfonts/cm/cmmi7.pfb><c:/texlive/2023/texmf-dist/fonts/type1/public/amsfonts/cm/cmr10.pfb><c:/texlive/2023/texmf-dist/fonts/type1/public/amsfonts/cm/cmr7.pfb><c:/texlive/2023/texmf-dist/fonts/type1/public/amsfonts/cm/cmsy10.pfb><c:/texlive/2023/texmf-dist/fonts/type1/public/amsfonts/cm/cmtt10.pfb><c:/texlive/2023/texmf-dist/fonts/type1/public/cm-super/sfrm1000.pfb>
Output written on plant_equations.pdf (9 pages, 124951 bytes).
PDF statistics:
 80 PDF objects out of 1000 (max. 8388607)
 50 compressed objects within 1 object stream
 0 named destinations out of 1000 (max. 500000)
 1 words of extra memory for PDF output out of 10000 (max. 10000000)

